0 info it worked if it ends with ok
1 verbose cli [ '/usr/local/bin/node',
1 verbose cli   '/usr/local/bin/npm',
1 verbose cli   'install',
1 verbose cli   'react-addons-css-transition-group' ]
2 info using npm@2.14.20
3 info using node@v4.4.1
4 verbose install initial load of /Users/xx/seal/package.json
5 verbose installManyTop reading scoped package data from /Users/xx/seal/node_modules/autoprefixer-loader/package.json
6 verbose installManyTop reading scoped package data from /Users/xx/seal/node_modules/babel-core/package.json
7 verbose installManyTop reading scoped package data from /Users/xx/seal/node_modules/babel-loader/package.json
8 verbose installManyTop reading scoped package data from /Users/xx/seal/node_modules/babel-plugin-react-transform/package.json
9 verbose installManyTop reading scoped package data from /Users/xx/seal/node_modules/babel-runtime/package.json
10 verbose installManyTop reading scoped package data from /Users/xx/seal/node_modules/bluebird/package.json
11 verbose installManyTop reading scoped package data from /Users/xx/seal/node_modules/body-parser/package.json
12 verbose installManyTop reading scoped package data from /Users/xx/seal/node_modules/browser-sync/package.json
13 verbose installManyTop reading scoped package data from /Users/xx/seal/node_modules/classnames/package.json
14 verbose installManyTop reading scoped package data from /Users/xx/seal/node_modules/connect-memcached/package.json
15 verbose installManyTop reading scoped package data from /Users/xx/seal/node_modules/consolidate/package.json
16 verbose installManyTop reading scoped package data from /Users/xx/seal/node_modules/cookie-parser/package.json
17 verbose installManyTop reading scoped package data from /Users/xx/seal/node_modules/css-loader/package.json
18 verbose installManyTop reading scoped package data from /Users/xx/seal/node_modules/debug/package.json
19 verbose installManyTop reading scoped package data from /Users/xx/seal/node_modules/del/package.json
20 verbose installManyTop reading scoped package data from /Users/xx/seal/node_modules/depd/package.json
21 verbose installManyTop reading scoped package data from /Users/xx/seal/node_modules/destroy/package.json
22 verbose installManyTop reading scoped package data from /Users/xx/seal/node_modules/director/package.json
23 verbose installManyTop reading scoped package data from /Users/xx/seal/node_modules/escape-html/package.json
24 verbose installManyTop reading scoped package data from /Users/xx/seal/node_modules/eslint/package.json
25 verbose installManyTop reading scoped package data from /Users/xx/seal/node_modules/eslint-watch/package.json
26 verbose installManyTop reading scoped package data from /Users/xx/seal/node_modules/etag/package.json
27 verbose installManyTop reading scoped package data from /Users/xx/seal/node_modules/expect/package.json
28 verbose installManyTop reading scoped package data from /Users/xx/seal/node_modules/express/package.json
29 verbose installManyTop reading scoped package data from /Users/xx/seal/node_modules/express-session/package.json
30 verbose installManyTop reading scoped package data from /Users/xx/seal/node_modules/extract-text-webpack-plugin/package.json
31 verbose installManyTop reading scoped package data from /Users/xx/seal/node_modules/faker/package.json
32 verbose installManyTop reading scoped package data from /Users/xx/seal/node_modules/fresh/package.json
33 verbose installManyTop reading scoped package data from /Users/xx/seal/node_modules/fs-extra/package.json
34 verbose installManyTop reading scoped package data from /Users/xx/seal/node_modules/gulp/package.json
35 verbose installManyTop reading scoped package data from /Users/xx/seal/node_modules/gulp-concat/package.json
36 verbose installManyTop reading scoped package data from /Users/xx/seal/node_modules/gulp-eslint/package.json
37 verbose installManyTop reading scoped package data from /Users/xx/seal/node_modules/gulp-inject/package.json
38 verbose installManyTop reading scoped package data from /Users/xx/seal/node_modules/gulp-livereload/package.json
39 verbose installManyTop reading scoped package data from /Users/xx/seal/node_modules/gulp-minify-css/package.json
40 verbose installManyTop reading scoped package data from /Users/xx/seal/node_modules/gulp-rename/package.json
41 verbose installManyTop reading scoped package data from /Users/xx/seal/node_modules/http-errors/package.json
42 verbose installManyTop reading scoped package data from /Users/xx/seal/node_modules/jshashes/package.json
43 verbose installManyTop reading scoped package data from /Users/xx/seal/node_modules/loader-utils/package.json
44 verbose installManyTop reading scoped package data from /Users/xx/seal/node_modules/lodash/package.json
45 verbose installManyTop reading scoped package data from /Users/xx/seal/node_modules/md5/package.json
46 verbose installManyTop reading scoped package data from /Users/xx/seal/node_modules/memory-cache/package.json
47 verbose installManyTop reading scoped package data from /Users/xx/seal/node_modules/method-override/package.json
48 verbose installManyTop reading scoped package data from /Users/xx/seal/node_modules/methods/package.json
49 verbose installManyTop reading scoped package data from /Users/xx/seal/node_modules/mime/package.json
50 verbose installManyTop reading scoped package data from /Users/xx/seal/node_modules/mocha/package.json
51 verbose installManyTop reading scoped package data from /Users/xx/seal/node_modules/moment/package.json
52 verbose installManyTop reading scoped package data from /Users/xx/seal/node_modules/ms/package.json
53 verbose installManyTop reading scoped package data from /Users/xx/seal/node_modules/nock/package.json
54 verbose installManyTop reading scoped package data from /Users/xx/seal/node_modules/nodemon/package.json
55 verbose installManyTop reading scoped package data from /Users/xx/seal/node_modules/normalize.css/package.json
56 verbose installManyTop reading scoped package data from /Users/xx/seal/node_modules/object-assign/package.json
57 verbose installManyTop reading scoped package data from /Users/xx/seal/node_modules/on-finished/package.json
58 verbose installManyTop reading scoped package data from /Users/xx/seal/node_modules/range-parser/package.json
59 verbose installManyTop reading scoped package data from /Users/xx/seal/node_modules/react/package.json
60 verbose installManyTop reading scoped package data from /Users/xx/seal/node_modules/react-addons/package.json
61 verbose installManyTop reading scoped package data from /Users/xx/seal/node_modules/react-dom/package.json
62 verbose installManyTop reading scoped package data from /Users/xx/seal/node_modules/react-hot-loader/package.json
63 verbose installManyTop reading scoped package data from /Users/xx/seal/node_modules/react-redux/package.json
64 verbose installManyTop reading scoped package data from /Users/xx/seal/node_modules/react-transform-hmr/package.json
65 verbose installManyTop reading scoped package data from /Users/xx/seal/node_modules/redux/package.json
66 verbose installManyTop reading scoped package data from /Users/xx/seal/node_modules/redux-logger/package.json
67 verbose installManyTop reading scoped package data from /Users/xx/seal/node_modules/redux-thunk/package.json
68 verbose installManyTop reading scoped package data from /Users/xx/seal/node_modules/reqwest/package.json
69 verbose installManyTop reading scoped package data from /Users/xx/seal/node_modules/statuses/package.json
70 verbose installManyTop reading scoped package data from /Users/xx/seal/node_modules/style-loader/package.json
71 verbose installManyTop reading scoped package data from /Users/xx/seal/node_modules/stylus/package.json
72 verbose installManyTop reading scoped package data from /Users/xx/seal/node_modules/stylus-loader/package.json
73 verbose installManyTop reading scoped package data from /Users/xx/seal/node_modules/swig/package.json
74 verbose installManyTop reading scoped package data from /Users/xx/seal/node_modules/unpipe/package.json
75 verbose installManyTop reading scoped package data from /Users/xx/seal/node_modules/webpack/package.json
76 verbose installManyTop reading scoped package data from /Users/xx/seal/node_modules/webpack-core/package.json
77 verbose installManyTop reading scoped package data from /Users/xx/seal/node_modules/webpack-dev-middleware/package.json
78 verbose installManyTop reading scoped package data from /Users/xx/seal/node_modules/webpack-hot-middleware/package.json
79 verbose installManyTop reading scoped package data from /Users/xx/seal/node_modules/when/package.json
80 verbose installManyTop reading scoped package data from /Users/xx/seal/node_modules/xhr2/package.json
81 verbose installManyTop reading scoped package data from /Users/xx/seal/node_modules/ya-ui/package.json
82 info package.json director@1.2.8 No license field.
83 info package.json gulp-inject@3.0.0 No license field.
84 info package.json gulp-minify-css@1.2.4 No repository field.
85 info package.json gulp-rename@1.2.2 No license field.
86 info package.json jshashes@1.0.5 No license field.
87 info package.json mime@1.3.4 No license field.
88 info package.json ms@0.7.1 No license field.
89 info package.json webpack-core@0.6.8 No license field.
90 info package.json webpack-dev-middleware@1.5.1 No license field.
91 info package.json react-addons@0.9.1-deprecated No license field.
92 verbose readDependencies loading dependencies from /Users/xx/seal/package.json
93 silly cache add args [ 'react-addons-css-transition-group', null ]
94 verbose cache add spec react-addons-css-transition-group
95 silly cache add parsed spec Result {
95 silly cache add   raw: 'react-addons-css-transition-group',
95 silly cache add   scope: null,
95 silly cache add   name: 'react-addons-css-transition-group',
95 silly cache add   rawSpec: '',
95 silly cache add   spec: 'latest',
95 silly cache add   type: 'tag' }
96 silly addNamed react-addons-css-transition-group@latest
97 verbose addNamed "latest" is being treated as a dist-tag for react-addons-css-transition-group
98 info addNameTag [ 'react-addons-css-transition-group', 'latest' ]
99 silly mapToRegistry name react-addons-css-transition-group
100 silly mapToRegistry using default registry
101 silly mapToRegistry registry https://registry.npmjs.org/
102 silly mapToRegistry uri https://registry.npmjs.org/react-addons-css-transition-group
103 verbose addNameTag registry:https://registry.npmjs.org/react-addons-css-transition-group not in flight; fetching
104 verbose request uri https://registry.npmjs.org/react-addons-css-transition-group
105 verbose request no auth needed
106 info attempt registry request try #1 at 14:44:18
107 verbose request id c89d2f9e185c6ddf
108 http request GET https://registry.npmjs.org/react-addons-css-transition-group
109 http 200 https://registry.npmjs.org/react-addons-css-transition-group
110 verbose headers { server: 'CouchDB/1.5.0 (Erlang OTP/R16B03)',
110 verbose headers   etag: '"CPH66GZFIY75S6BMV3XFDM7SZ"',
110 verbose headers   'content-type': 'application/json',
110 verbose headers   'cache-control': 'max-age=300',
110 verbose headers   'content-length': '19687',
110 verbose headers   'accept-ranges': 'bytes',
110 verbose headers   date: 'Thu, 31 Mar 2016 06:44:19 GMT',
110 verbose headers   via: '1.1 varnish',
110 verbose headers   age: '292',
110 verbose headers   connection: 'keep-alive',
110 verbose headers   'x-served-by': 'cache-lax1429-LAX',
110 verbose headers   'x-cache': 'HIT',
110 verbose headers   'x-cache-hits': '1',
110 verbose headers   'x-timer': 'S1459406659.233713,VS0,VE0',
110 verbose headers   vary: 'Accept' }
111 silly get cb [ 200,
111 silly get   { server: 'CouchDB/1.5.0 (Erlang OTP/R16B03)',
111 silly get     etag: '"CPH66GZFIY75S6BMV3XFDM7SZ"',
111 silly get     'content-type': 'application/json',
111 silly get     'cache-control': 'max-age=300',
111 silly get     'content-length': '19687',
111 silly get     'accept-ranges': 'bytes',
111 silly get     date: 'Thu, 31 Mar 2016 06:44:19 GMT',
111 silly get     via: '1.1 varnish',
111 silly get     age: '292',
111 silly get     connection: 'keep-alive',
111 silly get     'x-served-by': 'cache-lax1429-LAX',
111 silly get     'x-cache': 'HIT',
111 silly get     'x-cache-hits': '1',
111 silly get     'x-timer': 'S1459406659.233713,VS0,VE0',
111 silly get     vary: 'Accept' } ]
112 verbose get saving react-addons-css-transition-group to /Users/xx/.npm/registry.npmjs.org/react-addons-css-transition-group/.cache.json
113 verbose correctMkdir /Users/xx/.npm correctMkdir not in flight; initializing
114 silly addNameTag next cb for react-addons-css-transition-group with tag latest
115 silly addNamed react-addons-css-transition-group@0.14.8
116 verbose addNamed "0.14.8" is a plain semver version for react-addons-css-transition-group
117 silly mapToRegistry name react-addons-css-transition-group
118 silly mapToRegistry using default registry
119 silly mapToRegistry registry https://registry.npmjs.org/
120 silly mapToRegistry uri https://registry.npmjs.org/react-addons-css-transition-group
121 verbose addRemoteTarball https://registry.npmjs.org/react-addons-css-transition-group/-/react-addons-css-transition-group-0.14.8.tgz not in flight; adding
122 verbose addRemoteTarball [ 'https://registry.npmjs.org/react-addons-css-transition-group/-/react-addons-css-transition-group-0.14.8.tgz',
122 verbose addRemoteTarball   'c7a2279e71095e743c43a3a4583a1e4f1a2dd61d' ]
123 info retry fetch attempt 1 at 14:44:19
124 info attempt registry request try #1 at 14:44:19
125 http fetch GET https://registry.npmjs.org/react-addons-css-transition-group/-/react-addons-css-transition-group-0.14.8.tgz
126 http fetch 200 https://registry.npmjs.org/react-addons-css-transition-group/-/react-addons-css-transition-group-0.14.8.tgz
127 silly fetchAndShaCheck shasum c7a2279e71095e743c43a3a4583a1e4f1a2dd61d
128 verbose addTmpTarball /var/folders/_p/yckpf6h91wqb37frj18tf0z80000gp/T/npm-5473-1dbdabb2/registry.npmjs.org/react-addons-css-transition-group/-/react-addons-css-transition-group-0.14.8.tgz not in flight; adding
129 verbose addTmpTarball already have metadata; skipping unpack for react-addons-css-transition-group@0.14.8
130 verbose correctMkdir /Users/xx/.npm correctMkdir not in flight; initializing
131 silly cache afterAdd react-addons-css-transition-group@0.14.8
132 verbose afterAdd /Users/xx/.npm/react-addons-css-transition-group/0.14.8/package/package.json not in flight; writing
133 verbose correctMkdir /Users/xx/.npm correctMkdir not in flight; initializing
134 verbose afterAdd /Users/xx/.npm/react-addons-css-transition-group/0.14.8/package/package.json written
135 silly install resolved [ { name: 'react-addons-css-transition-group',
135 silly install resolved     version: '0.14.8',
135 silly install resolved     main: 'index.js',
135 silly install resolved     repository:
135 silly install resolved      { type: 'git',
135 silly install resolved        url: 'git+https://github.com/facebook/react.git' },
135 silly install resolved     keywords: [ 'react', 'react-addon' ],
135 silly install resolved     license: 'BSD-3-Clause',
135 silly install resolved     dependencies: {},
135 silly install resolved     peerDependencies: { react: '^0.14.8' },
135 silly install resolved     description: 'This package provides the React CSSTransitionGroup add-on.',
135 silly install resolved     bugs: { url: 'https://github.com/facebook/react/issues' },
135 silly install resolved     homepage: 'https://github.com/facebook/react#readme',
135 silly install resolved     _id: 'react-addons-css-transition-group@0.14.8',
135 silly install resolved     _shasum: 'c7a2279e71095e743c43a3a4583a1e4f1a2dd61d',
135 silly install resolved     _resolved: 'https://registry.npmjs.org/react-addons-css-transition-group/-/react-addons-css-transition-group-0.14.8.tgz',
135 silly install resolved     _from: 'react-addons-css-transition-group@latest',
135 silly install resolved     scripts: {},
135 silly install resolved     _npmVersion: '2.14.7',
135 silly install resolved     _nodeVersion: '4.2.1',
135 silly install resolved     _npmUser: { name: 'gaearon', email: 'dan.abramov@gmail.com' },
135 silly install resolved     dist:
135 silly install resolved      { shasum: 'c7a2279e71095e743c43a3a4583a1e4f1a2dd61d',
135 silly install resolved        tarball: 'http://registry.npmjs.org/react-addons-css-transition-group/-/react-addons-css-transition-group-0.14.8.tgz' },
135 silly install resolved     maintainers: [ [Object], [Object], [Object], [Object], [Object] ],
135 silly install resolved     _npmOperationalInternal:
135 silly install resolved      { host: 'packages-16-east.internal.npmjs.com',
135 silly install resolved        tmp: 'tmp/react-addons-css-transition-group-0.14.8.tgz_1459268418394_0.4979522430803627' },
135 silly install resolved     directories: {} } ]
136 info install react-addons-css-transition-group@0.14.8 into /Users/xx/seal
137 info installOne react-addons-css-transition-group@0.14.8
138 verbose installOne of react-addons-css-transition-group to /Users/xx/seal not in flight; installing
139 verbose correctMkdir /Users/xx/.npm/_locks correctMkdir not in flight; initializing
140 verbose lock using /Users/xx/.npm/_locks/react-addons-css-transit-18bc48cd26b33eeb.lock for /Users/xx/seal/node_modules/react-addons-css-transition-group
141 silly install write writing react-addons-css-transition-group 0.14.8 to /Users/xx/seal/node_modules/react-addons-css-transition-group
142 verbose unbuild node_modules/react-addons-css-transition-group
143 silly gentlyRm /Users/xx/seal/node_modules/react-addons-css-transition-group is being purged from base /Users/xx/seal
144 verbose gentlyRm don't care about contents; nuking /Users/xx/seal/node_modules/react-addons-css-transition-group
145 verbose tar unpack /Users/xx/.npm/react-addons-css-transition-group/0.14.8/package.tgz
146 verbose tar unpacking to /Users/xx/seal/node_modules/react-addons-css-transition-group
147 silly gentlyRm /Users/xx/seal/node_modules/react-addons-css-transition-group is being purged
148 verbose gentlyRm don't care about contents; nuking /Users/xx/seal/node_modules/react-addons-css-transition-group
149 silly gunzTarPerm modes [ '755', '644' ]
150 silly gunzTarPerm extractEntry package.json
151 silly gunzTarPerm extractEntry README.md
152 silly gunzTarPerm extractEntry LICENSE
153 silly gunzTarPerm extractEntry index.js
154 silly gunzTarPerm extractEntry PATENTS
155 verbose write writing to /Users/xx/seal/node_modules/react-addons-css-transition-group/package.json
156 info preinstall react-addons-css-transition-group@0.14.8
157 verbose readDependencies loading dependencies from /Users/xx/seal/node_modules/react-addons-css-transition-group/package.json
158 silly prepareForInstallMany adding react@^0.14.8 from react-addons-css-transition-group peerDependencies
159 warn peerDependencies The peer dependency react@^0.14.8 included from react-addons-css-transition-group will no
160 warn peerDependencies longer be automatically installed to fulfill the peerDependency
161 warn peerDependencies in npm 3+. Your application will need to depend on it explicitly.
162 verbose readDependencies loading dependencies from /Users/xx/seal/node_modules/react-addons-css-transition-group/package.json
163 silly install resolved []
164 verbose about to build /Users/xx/seal/node_modules/react-addons-css-transition-group
165 info build /Users/xx/seal/node_modules/react-addons-css-transition-group
166 info linkStuff react-addons-css-transition-group@0.14.8
167 silly linkStuff react-addons-css-transition-group@0.14.8 has /Users/xx/seal/node_modules as its parent node_modules
168 verbose linkBins react-addons-css-transition-group@0.14.8
169 verbose linkMans react-addons-css-transition-group@0.14.8
170 verbose rebuildBundles react-addons-css-transition-group@0.14.8
171 info install react-addons-css-transition-group@0.14.8
172 info postinstall react-addons-css-transition-group@0.14.8
173 verbose readDependencies loading dependencies from /Users/xx/seal/package.json
174 verbose targetResolver reading package data from /Users/xx/seal/node_modules/autoprefixer-loader/package.json
175 verbose targetResolver reading package data from /Users/xx/seal/node_modules/babel-core/package.json
176 verbose targetResolver reading package data from /Users/xx/seal/node_modules/babel-loader/package.json
177 verbose targetResolver reading package data from /Users/xx/seal/node_modules/babel-plugin-react-transform/package.json
178 verbose targetResolver reading package data from /Users/xx/seal/node_modules/babel-runtime/package.json
179 verbose targetResolver reading package data from /Users/xx/seal/node_modules/bluebird/package.json
180 verbose targetResolver reading package data from /Users/xx/seal/node_modules/body-parser/package.json
181 verbose targetResolver reading package data from /Users/xx/seal/node_modules/browser-sync/package.json
182 verbose targetResolver reading package data from /Users/xx/seal/node_modules/classnames/package.json
183 verbose targetResolver reading package data from /Users/xx/seal/node_modules/connect-memcached/package.json
184 verbose targetResolver reading package data from /Users/xx/seal/node_modules/consolidate/package.json
185 verbose targetResolver reading package data from /Users/xx/seal/node_modules/cookie-parser/package.json
186 verbose targetResolver reading package data from /Users/xx/seal/node_modules/css-loader/package.json
187 verbose targetResolver reading package data from /Users/xx/seal/node_modules/debug/package.json
188 verbose targetResolver reading package data from /Users/xx/seal/node_modules/del/package.json
189 verbose targetResolver reading package data from /Users/xx/seal/node_modules/depd/package.json
190 verbose targetResolver reading package data from /Users/xx/seal/node_modules/destroy/package.json
191 verbose targetResolver reading package data from /Users/xx/seal/node_modules/director/package.json
192 verbose targetResolver reading package data from /Users/xx/seal/node_modules/escape-html/package.json
193 verbose targetResolver reading package data from /Users/xx/seal/node_modules/eslint/package.json
194 verbose targetResolver reading package data from /Users/xx/seal/node_modules/eslint-watch/package.json
195 verbose targetResolver reading package data from /Users/xx/seal/node_modules/etag/package.json
196 verbose targetResolver reading package data from /Users/xx/seal/node_modules/expect/package.json
197 verbose targetResolver reading package data from /Users/xx/seal/node_modules/express/package.json
198 verbose targetResolver reading package data from /Users/xx/seal/node_modules/express-session/package.json
199 verbose targetResolver reading package data from /Users/xx/seal/node_modules/extract-text-webpack-plugin/package.json
200 verbose targetResolver reading package data from /Users/xx/seal/node_modules/faker/package.json
201 verbose targetResolver reading package data from /Users/xx/seal/node_modules/fresh/package.json
202 verbose targetResolver reading package data from /Users/xx/seal/node_modules/fs-extra/package.json
203 verbose targetResolver reading package data from /Users/xx/seal/node_modules/gulp/package.json
204 verbose targetResolver reading package data from /Users/xx/seal/node_modules/gulp-concat/package.json
205 verbose targetResolver reading package data from /Users/xx/seal/node_modules/gulp-eslint/package.json
206 verbose targetResolver reading package data from /Users/xx/seal/node_modules/gulp-inject/package.json
207 verbose targetResolver reading package data from /Users/xx/seal/node_modules/gulp-livereload/package.json
208 verbose targetResolver reading package data from /Users/xx/seal/node_modules/gulp-minify-css/package.json
209 verbose targetResolver reading package data from /Users/xx/seal/node_modules/gulp-rename/package.json
210 verbose targetResolver reading package data from /Users/xx/seal/node_modules/http-errors/package.json
211 verbose targetResolver reading package data from /Users/xx/seal/node_modules/jshashes/package.json
212 verbose targetResolver reading package data from /Users/xx/seal/node_modules/loader-utils/package.json
213 verbose targetResolver reading package data from /Users/xx/seal/node_modules/lodash/package.json
214 verbose targetResolver reading package data from /Users/xx/seal/node_modules/md5/package.json
215 verbose targetResolver reading package data from /Users/xx/seal/node_modules/memory-cache/package.json
216 verbose targetResolver reading package data from /Users/xx/seal/node_modules/method-override/package.json
217 verbose targetResolver reading package data from /Users/xx/seal/node_modules/methods/package.json
218 verbose targetResolver reading package data from /Users/xx/seal/node_modules/mime/package.json
219 verbose targetResolver reading package data from /Users/xx/seal/node_modules/mocha/package.json
220 verbose targetResolver reading package data from /Users/xx/seal/node_modules/moment/package.json
221 verbose targetResolver reading package data from /Users/xx/seal/node_modules/ms/package.json
222 verbose targetResolver reading package data from /Users/xx/seal/node_modules/nock/package.json
223 verbose targetResolver reading package data from /Users/xx/seal/node_modules/nodemon/package.json
224 verbose targetResolver reading package data from /Users/xx/seal/node_modules/normalize.css/package.json
225 verbose targetResolver reading package data from /Users/xx/seal/node_modules/object-assign/package.json
226 verbose targetResolver reading package data from /Users/xx/seal/node_modules/on-finished/package.json
227 verbose targetResolver reading package data from /Users/xx/seal/node_modules/range-parser/package.json
228 verbose targetResolver reading package data from /Users/xx/seal/node_modules/react/package.json
229 verbose targetResolver reading package data from /Users/xx/seal/node_modules/react-addons/package.json
230 verbose targetResolver reading package data from /Users/xx/seal/node_modules/react-addons-css-transition-group/package.json
231 verbose targetResolver reading package data from /Users/xx/seal/node_modules/react-dom/package.json
232 verbose targetResolver reading package data from /Users/xx/seal/node_modules/react-hot-loader/package.json
233 verbose targetResolver reading package data from /Users/xx/seal/node_modules/react-redux/package.json
234 verbose targetResolver reading package data from /Users/xx/seal/node_modules/react-transform-hmr/package.json
235 verbose targetResolver reading package data from /Users/xx/seal/node_modules/redux/package.json
236 verbose targetResolver reading package data from /Users/xx/seal/node_modules/redux-logger/package.json
237 verbose targetResolver reading package data from /Users/xx/seal/node_modules/redux-thunk/package.json
238 verbose targetResolver reading package data from /Users/xx/seal/node_modules/reqwest/package.json
239 verbose targetResolver reading package data from /Users/xx/seal/node_modules/statuses/package.json
240 verbose targetResolver reading package data from /Users/xx/seal/node_modules/style-loader/package.json
241 verbose targetResolver reading package data from /Users/xx/seal/node_modules/stylus/package.json
242 verbose targetResolver reading package data from /Users/xx/seal/node_modules/stylus-loader/package.json
243 verbose targetResolver reading package data from /Users/xx/seal/node_modules/swig/package.json
244 verbose targetResolver reading package data from /Users/xx/seal/node_modules/unpipe/package.json
245 verbose targetResolver reading package data from /Users/xx/seal/node_modules/webpack/package.json
246 verbose targetResolver reading package data from /Users/xx/seal/node_modules/webpack-core/package.json
247 verbose targetResolver reading package data from /Users/xx/seal/node_modules/webpack-dev-middleware/package.json
248 verbose targetResolver reading package data from /Users/xx/seal/node_modules/webpack-hot-middleware/package.json
249 verbose targetResolver reading package data from /Users/xx/seal/node_modules/when/package.json
250 verbose targetResolver reading package data from /Users/xx/seal/node_modules/xhr2/package.json
251 verbose targetResolver reading package data from /Users/xx/seal/node_modules/ya-ui/package.json
252 verbose targetResolver reading package data from /Users/xx/seal/node_modules/.bin/browser-sync/package.json
253 verbose targetResolver reading package data from /Users/xx/seal/node_modules/.bin/eslint/package.json
254 verbose targetResolver reading package data from /Users/xx/seal/node_modules/.bin/esw/package.json
255 verbose targetResolver reading package data from /Users/xx/seal/node_modules/.bin/gulp/package.json
256 verbose targetResolver reading package data from /Users/xx/seal/node_modules/.bin/hashes/package.json
257 verbose targetResolver reading package data from /Users/xx/seal/node_modules/.bin/mime/package.json
258 verbose targetResolver reading package data from /Users/xx/seal/node_modules/.bin/mocha/package.json
259 verbose targetResolver reading package data from /Users/xx/seal/node_modules/.bin/nodemon/package.json
260 verbose targetResolver reading package data from /Users/xx/seal/node_modules/.bin/stylus/package.json
261 verbose targetResolver reading package data from /Users/xx/seal/node_modules/.bin/swig/package.json
262 verbose targetResolver reading package data from /Users/xx/seal/node_modules/.bin/webpack/package.json
263 verbose already installed skipping react@^0.14.8 /Users/xx/seal
264 silly install resolved []
265 verbose unlock done using /Users/xx/.npm/_locks/react-addons-css-transit-18bc48cd26b33eeb.lock for /Users/xx/seal/node_modules/react-addons-css-transition-group
266 verbose validateInstall loading /Users/xx/seal/package.json for validation
267 verbose stack Error: The package react@0.14.7 does not satisfy its siblings' peerDependencies requirements!
267 verbose stack     at /usr/local/lib/node_modules/npm/lib/install.js:125:32
267 verbose stack     at /usr/local/lib/node_modules/npm/lib/install.js:268:7
267 verbose stack     at /usr/local/lib/node_modules/npm/node_modules/read-installed/read-installed.js:142:5
267 verbose stack     at /usr/local/lib/node_modules/npm/node_modules/read-installed/read-installed.js:263:14
267 verbose stack     at cb (/usr/local/lib/node_modules/npm/node_modules/slide/lib/async-map.js:47:24)
267 verbose stack     at /usr/local/lib/node_modules/npm/node_modules/read-installed/read-installed.js:263:14
267 verbose stack     at cb (/usr/local/lib/node_modules/npm/node_modules/slide/lib/async-map.js:47:24)
267 verbose stack     at /usr/local/lib/node_modules/npm/node_modules/read-installed/read-installed.js:263:14
267 verbose stack     at cb (/usr/local/lib/node_modules/npm/node_modules/slide/lib/async-map.js:47:24)
267 verbose stack     at /usr/local/lib/node_modules/npm/node_modules/read-installed/read-installed.js:263:14
268 verbose cwd /Users/xx/seal
269 error Darwin 14.5.0
270 error argv "/usr/local/bin/node" "/usr/local/bin/npm" "install" "react-addons-css-transition-group"
271 error node v4.4.1
272 error npm  v2.14.20
273 error code EPEERINVALID
274 error peerinvalid The package react@0.14.7 does not satisfy its siblings' peerDependencies requirements!
274 error peerinvalid Peer react-dom@0.14.7 wants react@^0.14.7
274 error peerinvalid Peer react-redux@4.4.1 wants react@^0.14.0 || ^15.0.0-rc.1
274 error peerinvalid Peer react-addons@0.9.1-deprecated wants react@>= 0.9.0
274 error peerinvalid Peer react-addons-css-transition-group@0.14.8 wants react@^0.14.8
275 verbose exit [ 1, true ]
